<?xml version="1.0" encoding="utf-8"?><testsuites name="pytest tests"><testsuite name="pytest" errors="0" failures="0" skipped="0" tests="11" time="1.619" timestamp="2026-01-04T12:19:22.504798+00:00" hostname="agent-env-0d78b865-7ed6-4cd2-b44f-7dad893a1045"><testcase classname="tests.test_user_permissions_gallery.TestUserPermissions" name="test_get_users_returns_permissions" time="0.392" /><testcase classname="tests.test_user_permissions_gallery.TestUserPermissions" name="test_update_user_with_permissions" time="0.116" /><testcase classname="tests.test_user_permissions_gallery.TestUserPermissions" name="test_create_user_with_permissions" time="0.341" /><testcase classname="tests.test_user_permissions_gallery.TestUserPermissions" name="test_update_partial_permissions" time="0.081" /><testcase classname="tests.test_user_permissions_gallery.TestRoomGallery" name="test_get_rooms_returns_images_array" time="0.054" /><testcase classname="tests.test_user_permissions_gallery.TestRoomGallery" name="test_superior_room_has_multiple_images" time="0.043" /><testcase classname="tests.test_user_permissions_gallery.TestRoomGallery" name="test_update_room_with_multiple_images" time="0.106" /><testcase classname="tests.test_user_permissions_gallery.TestRoomGallery" name="test_room_detail_endpoint" time="0.085" /><testcase classname="tests.test_user_permissions_gallery.TestAPIHealth" name="test_api_root" time="0.034" /><testcase classname="tests.test_user_permissions_gallery.TestAPIHealth" name="test_auth_login" time="0.271" /><testcase classname="tests.test_user_permissions_gallery.TestAPIHealth" name="test_public_rooms_endpoint" time="0.037" /></testsuite></testsuites>