<?xml version="1.0" encoding="utf-8"?><testsuites name="pytest tests"><testsuite name="pytest" errors="0" failures="0" skipped="0" tests="57" time="7.834" timestamp="2026-01-04T12:01:37.170781+00:00" hostname="agent-env-0d78b865-7ed6-4cd2-b44f-7dad893a1045"><testcase classname="tests.test_media_endpoints.TestMediaEndpointsAuth" name="test_gallery_upload_requires_auth" time="0.055" /><testcase classname="tests.test_media_endpoints.TestMediaEndpointsAuth" name="test_room_image_upload_requires_auth" time="0.038" /><testcase classname="tests.test_media_endpoints.TestMediaEndpointsAuth" name="test_media_delete_requires_auth" time="0.038" /><testcase classname="tests.test_media_endpoints.TestMediaUploadValidation" name="test_gallery_upload_invalid_file_type" time="0.299" /><testcase classname="tests.test_media_endpoints.TestMediaUploadValidation" name="test_gallery_upload_invalid_file_type_text" time="0.297" /><testcase classname="tests.test_media_endpoints.TestMediaUploadValidation" name="test_room_image_upload_missing_room_type_id" time="0.338" /><testcase classname="tests.test_media_endpoints.TestMediaUploadValidation" name="test_room_image_upload_invalid_room_type_id" time="0.296" /><testcase classname="tests.test_media_endpoints.TestMediaUploadValidation" name="test_room_video_upload_missing_room_type_id" time="0.337" /><testcase classname="tests.test_media_endpoints.TestMediaUploadValidation" name="test_room_video_upload_invalid_file_type" time="0.339" /><testcase classname="tests.test_media_endpoints.TestMediaDeleteEndpoint" name="test_delete_nonexistent_media" time="0.541" /><testcase classname="tests.test_media_endpoints.TestMediaDeleteEndpoint" name="test_delete_room_image_invalid_room" time="0.298" /><testcase classname="tests.test_media_endpoints.TestMediaDeleteEndpoint" name="test_delete_room_video_invalid_room" time="0.300" /><testcase classname="tests.test_media_endpoints.TestContentImageUpload" name="test_content_image_upload_invalid_type" time="0.294" /><testcase classname="tests.test_room_content_management.TestRoomManagementCRUD" name="test_create_room" time="0.297" /><testcase classname="tests.test_room_content_management.TestRoomManagementCRUD" name="test_verify_room_in_list" time="0.035" /><testcase classname="tests.test_room_content_management.TestRoomManagementCRUD" name="test_verify_room_in_availability" time="0.038" /><testcase classname="tests.test_room_content_management.TestRoomManagementCRUD" name="test_update_room" time="0.072" /><testcase classname="tests.test_room_content_management.TestRoomManagementCRUD" name="test_delete_room" time="0.077" /><testcase classname="tests.test_room_content_management.TestRoomManagementCRUD" name="test_create_room_without_auth" time="0.035" /><testcase classname="tests.test_room_content_management.TestRoomManagementCRUD" name="test_update_nonexistent_room" time="0.036" /><testcase classname="tests.test_room_content_management.TestRoomManagementCRUD" name="test_delete_nonexistent_room" time="0.038" /><testcase classname="tests.test_room_content_management.TestContentManagementCRUD" name="test_get_all_content" time="0.038" /><testcase classname="tests.test_room_content_management.TestContentManagementCRUD" name="test_get_page_content" time="0.252" /><testcase classname="tests.test_room_content_management.TestContentManagementCRUD" name="test_create_content" time="0.036" /><testcase classname="tests.test_room_content_management.TestContentManagementCRUD" name="test_verify_content_created" time="0.036" /><testcase classname="tests.test_room_content_management.TestContentManagementCRUD" name="test_update_content_upsert" time="0.076" /><testcase classname="tests.test_room_content_management.TestContentManagementCRUD" name="test_create_content_without_auth" time="0.036" /><testcase classname="tests.test_room_content_management.TestContentManagementCRUD" name="test_create_content_for_all_pages" time="0.297" /><testcase classname="tests.test_room_content_management.TestRoomInventoryIntegration" name="test_inventory_for_existing_rooms" time="0.069" /><testcase classname="tests.test_room_content_management.TestRoomInventoryIntegration" name="test_bulk_update_inventory" time="0.077" /><testcase classname="tests.test_spencer_hotel_api.TestHealthAndRoot" name="test_api_root" time="0.049" /><testcase classname="tests.test_spencer_hotel_api.TestAuthEndpoints" name="test_login_success" time="0.260" /><testcase classname="tests.test_spencer_hotel_api.TestAuthEndpoints" name="test_login_invalid_credentials" time="0.034" /><testcase classname="tests.test_spencer_hotel_api.TestAuthEndpoints" name="test_login_missing_fields" time="0.035" /><testcase classname="tests.test_spencer_hotel_api.TestAuthEndpoints" name="test_get_me_with_token" time="0.294" /><testcase classname="tests.test_spencer_hotel_api.TestAuthEndpoints" name="test_get_me_without_token" time="0.035" /><testcase classname="tests.test_spencer_hotel_api.TestRoomsEndpoints" name="test_get_rooms" time="0.037" /><testcase classname="tests.test_spencer_hotel_api.TestRoomsEndpoints" name="test_get_single_room" time="0.073" /><testcase classname="tests.test_spencer_hotel_api.TestRoomsEndpoints" name="test_get_nonexistent_room" time="0.078" /><testcase classname="tests.test_spencer_hotel_api.TestAvailabilityEndpoint" name="test_check_availability" time="0.042" /><testcase classname="tests.test_spencer_hotel_api.TestAvailabilityEndpoint" name="test_check_availability_specific_dates" time="0.040" /><testcase classname="tests.test_spencer_hotel_api.TestAvailabilityEndpoint" name="test_check_availability_missing_params" time="0.036" /><testcase classname="tests.test_spencer_hotel_api.TestContentEndpoints" name="test_get_all_content" time="0.038" /><testcase classname="tests.test_spencer_hotel_api.TestContentEndpoints" name="test_get_page_content" time="0.036" /><testcase classname="tests.test_spencer_hotel_api.TestReviewsEndpoints" name="test_get_visible_reviews" time="0.034" /><testcase classname="tests.test_spencer_hotel_api.TestReviewsEndpoints" name="test_create_review" time="0.037" /><testcase classname="tests.test_spencer_hotel_api.TestReservationsEndpoints" name="test_create_reservation" time="0.079" /><testcase classname="tests.test_spencer_hotel_api.TestReservationsEndpoints" name="test_create_reservation_invalid_dates" time="0.074" /><testcase classname="tests.test_spencer_hotel_api.TestReservationsEndpoints" name="test_check_reservation_by_email" time="0.037" /><testcase classname="tests.test_spencer_hotel_api.TestReservationsEndpoints" name="test_check_reservation_no_params" time="0.036" /><testcase classname="tests.test_spencer_hotel_api.TestAdminDashboard" name="test_dashboard_with_auth" time="0.297" /><testcase classname="tests.test_spencer_hotel_api.TestAdminDashboard" name="test_dashboard_without_auth" time="0.037" /><testcase classname="tests.test_spencer_hotel_api.TestAdminReservations" name="test_get_all_reservations" time="0.297" /><testcase classname="tests.test_spencer_hotel_api.TestAdminReservations" name="test_get_reservations_filtered" time="0.341" /><testcase classname="tests.test_spencer_hotel_api.TestAdminUsers" name="test_get_users" time="0.302" /><testcase classname="tests.test_spencer_hotel_api.TestInventoryEndpoints" name="test_get_inventory" time="0.039" /><testcase classname="tests.test_spencer_hotel_api.TestInventoryEndpoints" name="test_get_inventory_filtered" time="0.035" /></testsuite></testsuites>